  vcm.cpp
D:\Research\VizQ\vizq\3D\3D\prevSource.h(47,1): warning C4005: 'INF': macro redefinition
D:\Research\VizQ\vizq\3D\3D\macros.h(24): message : see previous definition of 'INF'
D:\Research\VizQ\vizq\3D\3D\prevSource.h(48,1): warning C4005: 'EPS': macro redefinition
D:\Research\VizQ\vizq\3D\3D\macros.h(22): message : see previous definition of 'EPS'
D:\Research\VizQ\vizq\3D\3D\prevSource.h(51,1): warning C4005: 'Z': macro redefinition
D:\Research\VizQ\vizq\3D\3D\macros.h(23): message : see previous definition of 'Z'
D:\Research\VizQ\vizq\3D\3D\func\gendef.h(33,1): warning C4005: 'min': macro redefinition
C:\Program Files (x86)\Windows Kits\10\Include\10.0.18362.0\shared\minwindef.h(197): message : see previous definition of 'min'
D:\Research\VizQ\vizq\3D\3D\func\gendef.h(34,1): warning C4005: 'max': macro redefinition
C:\Program Files (x86)\Windows Kits\10\Include\10.0.18362.0\shared\minwindef.h(193): message : see previous definition of 'max'
D:\Research\VizQ\vizq\3D\3D\rtree\rtree.h(121,21): warning C4018: '<': signed/unsigned mismatch
D:\Research\VizQ\vizq\3D\3D\rtree\rtree.h(250,22): warning C4018: '<': signed/unsigned mismatch
D:\Research\VizQ\vizq\3D\3D\vcm.h(96,20): warning C4018: '<': signed/unsigned mismatch
D:\Research\VizQ\vizq\3D\3D\vcm.h(176,20): warning C4018: '<': signed/unsigned mismatch
D:\Research\VizQ\vizq\3D\3D\vcm.h(366,1): warning C4010: single-line comment contains line-continuation character
D:\Research\VizQ\vizq\3D\3D\macros.h(22,1): warning C4005: 'EPS': macro redefinition
D:\Research\VizQ\vizq\3D\3D\prevSource.h(48): message : see previous definition of 'EPS'
D:\Research\VizQ\vizq\3D\3D\macros.h(23,1): warning C4005: 'Z': macro redefinition
D:\Research\VizQ\vizq\3D\3D\prevSource.h(51): message : see previous definition of 'Z'
D:\Research\VizQ\vizq\3D\3D\macros.h(24,1): warning C4005: 'INF': macro redefinition
D:\Research\VizQ\vizq\3D\3D\prevSource.h(47): message : see previous definition of 'INF'
D:\Research\VizQ\vizq\3D\3D\vcm.cpp(233,10): warning C4101: 'j1': unreferenced local variable
D:\Research\VizQ\vizq\3D\3D\vcm.cpp(233,14): warning C4101: 'k1': unreferenced local variable
D:\Research\VizQ\vizq\3D\3D\vcm.cpp(233,6): warning C4101: 'i1': unreferenced local variable
D:\Research\VizQ\vizq\3D\3D\vcm.cpp(361,19): warning C4018: '<': signed/unsigned mismatch
D:\Research\VizQ\vizq\3D\3D\vcm.cpp(385,19): warning C4018: '<': signed/unsigned mismatch
D:\Research\VizQ\vizq\3D\3D\vcm.cpp(408,20): warning C4018: '<': signed/unsigned mismatch
D:\Research\VizQ\vizq\3D\3D\vcm.cpp(497,20): warning C4018: '<': signed/unsigned mismatch
D:\Research\VizQ\vizq\3D\3D\vcm.cpp(584,20): warning C4018: '<': signed/unsigned mismatch
D:\Research\VizQ\vizq\3D\3D\vcm.cpp(942,19): warning C4018: '<': signed/unsigned mismatch
D:\Research\VizQ\vizq\3D\3D\vcm.cpp(1033,20): warning C4018: '<': signed/unsigned mismatch
D:\Research\VizQ\vizq\3D\3D\vcm.cpp(1125,20): warning C4018: '<': signed/unsigned mismatch
D:\Research\VizQ\vizq\3D\3D\vcm.cpp(1452,20): warning C4018: '<': signed/unsigned mismatch
D:\Research\VizQ\vizq\3D\3D\vcm.cpp(1480,48): warning C4018: '<': signed/unsigned mismatch
D:\Research\VizQ\vizq\3D\3D\vcm.cpp(1627,1): warning C4010: single-line comment contains line-continuation character
D:\Research\VizQ\vizq\3D\3D\vcm.cpp(1680,1): warning C4010: single-line comment contains line-continuation character
D:\Research\VizQ\vizq\3D\3D\vcm.cpp(1703,1): warning C4010: single-line comment contains line-continuation character
D:\Research\VizQ\vizq\3D\3D\vcm.cpp(1725,19): warning C4018: '<': signed/unsigned mismatch
D:\Research\VizQ\vizq\3D\3D\vcm.cpp(1726,19): warning C4018: '<': signed/unsigned mismatch
D:\Research\VizQ\vizq\3D\3D\vcm.cpp(1756,19): warning C4018: '<': signed/unsigned mismatch
D:\Research\VizQ\vizq\3D\3D\vcm.cpp(1812,19): warning C4018: '<': signed/unsigned mismatch
D:\Research\VizQ\vizq\3D\3D\vcm.cpp(1813,19): warning C4018: '<': signed/unsigned mismatch
D:\Research\VizQ\vizq\3D\3D\vcm.cpp(1817,19): warning C4018: '<': signed/unsigned mismatch
D:\Research\VizQ\vizq\3D\3D\vcm.cpp(1842,19): warning C4018: '<': signed/unsigned mismatch
D:\Research\VizQ\vizq\3D\3D\vcm.cpp(1904,19): warning C4018: '<': signed/unsigned mismatch
D:\Research\VizQ\vizq\3D\3D\vcm.cpp(1905,19): warning C4018: '<': signed/unsigned mismatch
D:\Research\VizQ\vizq\3D\3D\vcm.cpp(1909,19): warning C4018: '<': signed/unsigned mismatch
D:\Research\VizQ\vizq\3D\3D\vcm.cpp(1934,19): warning C4018: '<': signed/unsigned mismatch
D:\Research\VizQ\vizq\3D\3D\vcm.cpp(2058,19): warning C4018: '<': signed/unsigned mismatch
D:\Research\VizQ\vizq\3D\3D\vcm.cpp(2128,19): warning C4018: '<': signed/unsigned mismatch
D:\Research\VizQ\vizq\3D\3D\vcm.cpp(2206,20): warning C4018: '<': signed/unsigned mismatch
D:\Research\VizQ\vizq\3D\3D\vcm.cpp(2212,21): warning C4018: '<': signed/unsigned mismatch
D:\Research\VizQ\vizq\3D\3D\vcm.cpp(2216,20): warning C4018: '<': signed/unsigned mismatch
D:\Research\VizQ\vizq\3D\3D\vcm.cpp(2237,19): warning C4018: '<': signed/unsigned mismatch
D:\Research\VizQ\vizq\3D\3D\vcm.cpp(2316,20): warning C4018: '<': signed/unsigned mismatch
D:\Research\VizQ\vizq\3D\3D\vcm.cpp(2321,21): warning C4018: '<': signed/unsigned mismatch
D:\Research\VizQ\vizq\3D\3D\vcm.cpp(2325,20): warning C4018: '<': signed/unsigned mismatch
D:\Research\VizQ\vizq\3D\3D\vcm.cpp(2349,19): warning C4018: '<': signed/unsigned mismatch
D:\Research\VizQ\vizq\3D\3D\vcm.cpp(2418,20): warning C4018: '<': signed/unsigned mismatch
D:\Research\VizQ\vizq\3D\3D\vcm.cpp(2423,21): warning C4018: '<': signed/unsigned mismatch
D:\Research\VizQ\vizq\3D\3D\vcm.cpp(2427,20): warning C4018: '<': signed/unsigned mismatch
D:\Research\VizQ\vizq\3D\3D\vcm.cpp(2448,19): warning C4018: '<': signed/unsigned mismatch
D:\Research\VizQ\vizq\3D\3D\vcm.cpp(2523,20): warning C4018: '<': signed/unsigned mismatch
D:\Research\VizQ\vizq\3D\3D\vcm.cpp(2528,21): warning C4018: '<': signed/unsigned mismatch
D:\Research\VizQ\vizq\3D\3D\vcm.cpp(2532,20): warning C4018: '<': signed/unsigned mismatch
D:\Research\VizQ\vizq\3D\3D\vcm.cpp(2552,19): warning C4018: '<': signed/unsigned mismatch
D:\Research\VizQ\vizq\3D\3D\vcm.cpp(2626,20): warning C4018: '<': signed/unsigned mismatch
D:\Research\VizQ\vizq\3D\3D\vcm.cpp(2631,21): warning C4018: '<': signed/unsigned mismatch
D:\Research\VizQ\vizq\3D\3D\vcm.cpp(2634,20): warning C4018: '<': signed/unsigned mismatch
D:\Research\VizQ\vizq\3D\3D\vcm.cpp(2654,19): warning C4018: '<': signed/unsigned mismatch
D:\Research\VizQ\vizq\3D\3D\vcm.cpp(2729,20): warning C4018: '<': signed/unsigned mismatch
D:\Research\VizQ\vizq\3D\3D\vcm.cpp(2734,21): warning C4018: '<': signed/unsigned mismatch
D:\Research\VizQ\vizq\3D\3D\vcm.cpp(2737,20): warning C4018: '<': signed/unsigned mismatch
D:\Research\VizQ\vizq\3D\3D\vcm.cpp(2759,19): warning C4018: '<': signed/unsigned mismatch
D:\Research\VizQ\vizq\3D\3D\vcm.cpp(2834,20): warning C4018: '<': signed/unsigned mismatch
D:\Research\VizQ\vizq\3D\3D\vcm.cpp(2839,21): warning C4018: '<': signed/unsigned mismatch
D:\Research\VizQ\vizq\3D\3D\vcm.cpp(2842,20): warning C4018: '<': signed/unsigned mismatch
D:\Research\VizQ\vizq\3D\3D\vcm.cpp(3010,19): warning C4018: '<': signed/unsigned mismatch
D:\Research\VizQ\vizq\3D\3D\vcm.cpp(3014,20): warning C4018: '<': signed/unsigned mismatch
D:\Research\VizQ\vizq\3D\3D\vcm.cpp(3121,20): warning C4018: '<': signed/unsigned mismatch
D:\Research\VizQ\vizq\3D\3D\vcm.cpp(3134,21): warning C4018: '<': signed/unsigned mismatch
D:\Research\VizQ\vizq\3D\3D\vcm.cpp(3138,21): warning C4018: '<': signed/unsigned mismatch
D:\Research\VizQ\vizq\3D\3D\vcm.cpp(3191,20): warning C4018: '<': signed/unsigned mismatch
D:\Research\VizQ\vizq\3D\3D\vcm.cpp(3264,21): warning C4018: '<': signed/unsigned mismatch
D:\Research\VizQ\vizq\3D\3D\vcm.cpp(3353,21): warning C4018: '<': signed/unsigned mismatch
D:\Research\VizQ\vizq\3D\3D\vcm.cpp(3429,19): warning C4018: '<': signed/unsigned mismatch
D:\Research\VizQ\vizq\3D\3D\vcm.cpp(3454,19): warning C4018: '<': signed/unsigned mismatch
D:\Research\VizQ\vizq\3D\3D\vcm.cpp(3462,19): warning C4018: '<': signed/unsigned mismatch
D:\Research\VizQ\vizq\3D\3D\vcm.cpp(3516,19): warning C4018: '<': signed/unsigned mismatch
D:\Research\VizQ\vizq\3D\3D\vcm.cpp(3575,20): warning C4018: '<': signed/unsigned mismatch
D:\Research\VizQ\vizq\3D\3D\vcm.cpp(3747,20): warning C4018: '<': signed/unsigned mismatch
D:\Research\VizQ\vizq\3D\3D\vcm.cpp(3565): warning C4715: 'VCM::arrayIndexToPoint': not all control paths return a value
D:\Research\VizQ\vizq\3D\3D\vcm.h(91): warning C4715: 'polygonAdapter::adapt32': not all control paths return a value
  3D.vcxproj -> D:\Research\VizQ\vizq\3D\Debug\3D.exe
